2026-04-13 04:46:54,736 [INFO] Loaded schedule: 2 shows (1 enabled)
2026-04-13 04:46:54,736 [INFO] Scheduler loop started (30s polling)
2026-04-13 04:46:58,470 [INFO] Shutdown requested (Ctrl+C). Stopping active recordings...
2026-04-13 04:46:58,471 [INFO] Shutdown complete.
2026-04-13 04:47:55,744 [INFO] Loaded schedule: 2 shows (1 enabled)
2026-04-13 04:47:55,744 [INFO] Scheduler loop started (30s polling)
2026-04-13 04:48:13,368 [INFO] Shutdown requested (Ctrl+C). Stopping active recordings...
2026-04-13 04:48:13,368 [INFO] Shutdown complete.
2026-04-13 04:48:13,942 [INFO] Loaded schedule: 2 shows (1 enabled)
2026-04-13 04:48:13,943 [INFO] Scheduler loop started (30s polling)
2026-04-13 04:49:14,009 [INFO] Recording start: Test Show -> recordings/Test Show/2026-04-13_04-49-14.mp3
2026-04-13 04:49:14,010 [INFO] Starting ffmpeg for Test Show (part0001.mp3)
2026-04-13 04:50:14,076 [INFO] Stopping ffmpeg for Test Show
2026-04-13 04:50:14,284 [INFO] Recording stop: Test Show -> recordings/Test Show/2026-04-13_04-49-14.mp3
2026-04-13 04:56:02,002 [INFO] Shutdown requested (Ctrl+C). Stopping active recordings...
2026-04-13 04:56:02,003 [INFO] Shutdown complete.
2026-04-13 05:25:14,375 [INFO] Loaded schedule: 1 shows (1 enabled)
2026-04-13 05:25:14,375 [INFO] Scheduler loop started (30s polling)
2026-04-13 05:28:15,362 [INFO] Reloaded schedule: 2 shows (2 enabled)
2026-04-13 05:28:15,363 [INFO] Recording start: Test Numbuh 2 -> recordings\Test Numbuh 2\2026-04-13_05-28-15.mp3
2026-04-13 05:28:15,363 [INFO] Starting ffmpeg for Test Numbuh 2 (part0001.mp3)
2026-04-13 05:29:16,246 [INFO] Stopping ffmpeg for Test Numbuh 2
2026-04-13 05:29:16,258 [INFO] Recording stop: Test Numbuh 2 -> recordings\Test Numbuh 2\2026-04-13_05-28-15.mp3
2026-04-13 16:19:55,141 [INFO] Loaded schedule: 1 shows (1 enabled)
2026-04-13 16:19:55,142 [INFO] Scheduler loop started (30s polling)
2026-04-13 16:19:55,143 [INFO] Recording start: testun -> recordings\testun\2026-04-13_16-19-55.mp3
2026-04-13 16:19:55,143 [INFO] Starting ffmpeg for testun (part0001.mp3)
2026-04-13 16:20:25,964 [INFO] Stopping ffmpeg for testun
2026-04-13 16:20:25,981 [INFO] Recording stop: testun -> recordings\testun\2026-04-13_16-19-55.mp3
2026-04-13 16:26:37,792 [INFO] Shutdown requested (Ctrl+C). Stopping active recordings...
2026-04-13 16:26:37,792 [INFO] Shutdown complete.
2026-04-13 16:26:38,391 [INFO] Loaded schedule: 1 shows (1 enabled)
2026-04-13 16:26:38,392 [INFO] Scheduler loop started (30s polling)
2026-04-13 16:26:47,521 [INFO] Shutdown requested (Ctrl+C). Stopping active recordings...
2026-04-13 16:26:47,521 [INFO] Shutdown complete.
2026-04-13 16:29:03,960 [INFO] Loaded schedule: 1 shows (1 enabled)
2026-04-13 16:29:03,961 [INFO] Scheduler loop started (30s polling)
2026-04-13 16:29:09,736 [INFO] Shutdown requested (Ctrl+C). Stopping active recordings...
2026-04-13 16:29:09,736 [INFO] Shutdown complete.
2026-04-13 16:52:33,456 [INFO] Loaded schedule: 1 shows (1 enabled)
2026-04-13 16:52:33,456 [INFO] Scheduler loop started (30s polling)
2026-04-13 16:53:03,651 [INFO] Reloaded schedule: 0 shows (0 enabled)
2026-04-13 16:59:05,508 [INFO] Reloaded schedule: 1 shows (1 enabled)
2026-04-13 16:59:35,663 [INFO] Reloaded schedule: 2 shows (2 enabled)
2026-04-13 18:38:58,502 [INFO] Recording start: Lost In Obscurity -> recordings\Lost In Obscurity\2026-04-13_18-38-58.mp3
2026-04-13 18:38:58,502 [INFO] Starting ffmpeg for Lost In Obscurity (part0001.mp3)
2026-04-13 20:00:01,693 [INFO] Stopping ffmpeg for Lost In Obscurity
2026-04-13 20:00:01,747 [INFO] Recording stop: Lost In Obscurity -> recordings\Lost In Obscurity\2026-04-13_18-38-58.mp3
2026-04-13 20:00:01,747 [INFO] Recording start: Bantunauts Raydio w/ Charles & Bibi -> recordings\Bantunauts Raydio w_ Charles & Bibi\2026-04-13_20-00-01.mp3
2026-04-13 20:00:01,748 [INFO] Starting ffmpeg for Bantunauts Raydio w/ Charles & Bibi (part0001.mp3)
2026-04-13 22:07:03,761 [INFO] Stopping ffmpeg for Bantunauts Raydio w/ Charles & Bibi
2026-04-13 22:07:03,866 [INFO] Recording stop: Bantunauts Raydio w/ Charles & Bibi -> recordings\Bantunauts Raydio w_ Charles & Bibi\2026-04-13_20-00-01.mp3
2026-04-13 23:18:50,422 [INFO] Loaded schedule: 2 shows (2 enabled)
2026-04-13 23:18:50,422 [INFO] Scheduler loop started (30s polling)
2026-04-13 23:24:39,631 [INFO] Shutdown requested (Ctrl+C). Stopping active recordings...
2026-04-13 23:24:39,632 [INFO] Shutdown complete.
2026-04-13 23:24:41,504 [INFO] Loaded schedule: 2 shows (2 enabled)
2026-04-13 23:24:41,504 [INFO] Scheduler loop started (30s polling)
2026-04-13 23:43:47,405 [INFO] Reloaded schedule: 3 shows (3 enabled)
2026-04-13 23:44:17,555 [INFO] Recording start: test -> recordings\test\2026-04-13_23-44-17.mp3
2026-04-13 23:44:17,555 [INFO] Starting ffmpeg for test (part0001.mp3)
2026-04-13 23:45:18,335 [INFO] Stopping ffmpeg for test
2026-04-13 23:45:18,348 [INFO] Recording stop: test -> recordings\test\2026-04-13_23-44-17.mp3
2026-04-13 23:55:44,857 [INFO] Shutdown requested (Ctrl+C). Stopping active recordings...
2026-04-13 23:55:44,857 [INFO] Shutdown complete.
2026-04-13 23:55:45,355 [INFO] Loaded schedule: 3 shows (3 enabled)
2026-04-13 23:55:45,355 [INFO] Scheduler loop started (adaptive sleep, max 30s between ticks)
2026-04-13 23:56:47,886 [INFO] Shutdown requested (Ctrl+C). Stopping active recordings...
2026-04-13 23:56:47,886 [INFO] Shutdown complete.
2026-04-13 23:59:11,929 [INFO] Loaded schedule: 3 shows (3 enabled)
2026-04-13 23:59:11,930 [INFO] Scheduler loop started (adaptive sleep, max 30s between ticks)
2026-04-14 00:00:00,001 [INFO] Recording start: Testing Rec Accuracy -> recordings\Testing Rec Accuracy\2026-04-14_00-00-00.mp3
2026-04-14 00:00:00,001 [INFO] Starting ffmpeg for Testing Rec Accuracy (part0001.mp3)
2026-04-14 00:01:00,000 [INFO] Stopping ffmpeg for Testing Rec Accuracy
2026-04-14 00:01:00,013 [INFO] Recording stop: Testing Rec Accuracy -> recordings\Testing Rec Accuracy\2026-04-14_00-00-00.mp3
2026-04-14 00:09:02,563 [INFO] Reloaded schedule: 3 shows (3 enabled)
2026-04-14 00:09:02,564 [INFO] Recording start: Testing Rec Accuracy -> recordings\Testing Rec Accuracy\2026-04-14_00-09-02.mp3
2026-04-14 00:09:02,565 [INFO] Starting ffmpeg for Testing Rec Accuracy (part0001.mp3)
2026-04-14 00:10:00,000 [INFO] Stopping ffmpeg for Testing Rec Accuracy
2026-04-14 00:10:00,012 [INFO] Recording stop: Testing Rec Accuracy -> recordings\Testing Rec Accuracy\2026-04-14_00-09-02.mp3
2026-04-14 00:29:35,034 [INFO] Shutdown requested (Ctrl+C). Stopping active recordings...
2026-04-14 00:29:35,035 [INFO] Shutdown complete.
2026-04-14 00:29:35,621 [INFO] Loaded schedule: 3 shows (3 enabled)
2026-04-14 00:29:35,622 [INFO] Scheduler loop started (adaptive sleep, max 30s between ticks)
2026-04-14 00:32:36,649 [INFO] Reloaded schedule: 3 shows (3 enabled)
2026-04-14 00:33:06,823 [INFO] Reloaded schedule: 3 shows (3 enabled)
2026-04-14 00:33:06,823 [INFO] Recording start: Testing Rec Accuracy -> recordings\Testing Rec Accuracy\2026-04-14_00-33-06.mp3
2026-04-14 00:33:06,824 [INFO] Starting ffmpeg for Testing Rec Accuracy (part0001.mp3)
2026-04-14 00:34:00,000 [INFO] Stopping ffmpeg for Testing Rec Accuracy
2026-04-14 00:34:00,013 [INFO] Recording stop: Testing Rec Accuracy -> recordings\Testing Rec Accuracy\2026-04-14_00-33-06.mp3
2026-04-14 00:38:58,214 [INFO] Shutdown requested (Ctrl+C). Stopping active recordings...
2026-04-14 00:38:58,215 [INFO] Shutdown complete.
2026-04-14 00:39:05,139 [INFO] Loaded schedule: 3 shows (3 enabled), stream_preroll_seconds=5
2026-04-14 00:39:05,140 [INFO] Scheduler loop started (adaptive sleep, max 30s between ticks)
2026-04-14 00:39:35,351 [INFO] Reloaded schedule: 3 shows (3 enabled), stream_preroll_seconds=5
2026-04-14 00:40:55,001 [INFO] Recording Testing Rec Accuracy: nominal_start=2026-04-14T00:41:00 effective_start=2026-04-14T00:40:55 preroll=5s now=2026-04-14T00:40:55
2026-04-14 00:40:55,002 [INFO] Recording start: Testing Rec Accuracy -> recordings\Testing Rec Accuracy\2026-04-14_00-40-55.mp3
2026-04-14 00:40:55,002 [INFO] Starting ffmpeg for Testing Rec Accuracy (part0001.mp3)
2026-04-14 00:40:59,721 [WARNING] Failed to write status.json: [WinError 5] Access is denied: 'C:\\Users\\andih\\repo\\radio archive\\radioarchive\\status.json.tmp' -> 'C:\\Users\\andih\\repo\\radio archive\\radioarchive\\status.json'
2026-04-14 00:42:00,000 [INFO] Stopping ffmpeg for Testing Rec Accuracy
2026-04-14 00:42:00,013 [INFO] Recording stop: Testing Rec Accuracy -> recordings\Testing Rec Accuracy\2026-04-14_00-40-55.mp3
2026-04-14 00:43:00,354 [INFO] Reloaded schedule: 0 shows (0 enabled), stream_preroll_seconds=5
2026-04-14 00:43:18,236 [INFO] Shutdown requested (Ctrl+C). Stopping active recordings...
2026-04-14 00:43:18,237 [INFO] Shutdown complete.
2026-04-14 00:48:47,545 [INFO] Loaded schedule: 0 shows (0 enabled), stream_preroll_seconds=5
2026-04-14 00:48:47,545 [INFO] Scheduler loop started (adaptive sleep, max 30s between ticks)
2026-04-14 00:48:49,175 [INFO] Shutdown requested (Ctrl+C). Stopping active recordings...
2026-04-14 00:48:49,176 [INFO] Shutdown complete.
2026-04-14 01:10:15,175 [INFO] Loaded schedule: 0 shows (0 enabled), stream_preroll_seconds=5
2026-04-14 01:10:15,176 [INFO] Scheduler loop started (adaptive sleep, max 30s between ticks)
2026-04-14 01:12:17,361 [INFO] Shutdown requested (Ctrl+C). Stopping active recordings...
2026-04-14 01:12:17,361 [INFO] Shutdown complete.
